Arguments: 
  C:\Program Files\nodejs\node.exe C:\Users\ZJCA\AppData\Roaming\npm\node_modules\yarn\bin\yarn.js add @typescript-eslint/parser --dev

PATH: 
  C:\Program Files (x86)\Common Files\Oracle\Java\javapath;C:\Windows\system32;C:\Windows;C:\Windows\System32\Wbem;C:\Windows\System32\WindowsPowerShell\v1.0\;C:\Windows\System32\OpenSSH\;C:\Program Files\Git\cmd;C:\Program Files\nodejs\;C:\Program Files\MySQL\MySQL Shell 8.0\bin\;C:\Users\ZJCA\AppData\Local\Microsoft\WindowsApps;;D:\开发工具\Microsoft VS Code\bin;C:\Users\ZJCA\AppData\Roaming\npm

Yarn version: 
  1.22.17

Node version: 
  14.17.3

Platform: 
  win32 x64

Trace: 
  Error: EPERM: operation not permitted, unlink 'D:\zjca-project\vue3.0\safe-sign-pc-vue\node_modules\esbuild-windows-64\esbuild.exe'

npm manifest: 
  {
    "name": "safe-sign-pc-vue",
    "version": "0.0.0",
    "scripts": {
      "dev": "vite",
      "build": "vite build",
      "preview": "vite preview"
    },
    "dependencies": {
      "vue": "^3.2.25"
    },
    "devDependencies": {
      "@vitejs/plugin-vue": "^2.0.0",
      "vite": "^2.7.2"
    }
  }

yarn manifest: 
  No manifest

Lockfile: 
  No lockfile
